<?xml version="1.0" encoding="UTF-8"?>
<!-- Generated by org.testng.reporters.JUnitReportReporter -->
<testsuite hostname="SRAVAN-PC" failures="0" tests="1" name="runner.Runner" time="74.061" errors="0" timestamp="2023-04-09T14:43:19 IST" skipped="0">
  <testcase classname="runner.Runner" name="runScenario" time="74.061"/>
  <system-out/>
</testsuite> <!-- runner.Runner -->
